Using pre-set license
Built from '2020.3/staging' branch; Version is '2020.3.30f1 (1fb1bf06830e) revision 2077119'; Using compiler version '192528614'; Build Type 'Release'
OS: 'Windows 10  (10.0.19044) 64bit Professional' Language: 'ko' Physical Memory: 15731 MB
BatchMode: 1, IsHumanControllingUs: 0, StartBugReporterOnCrash: 0, Is64bit: 1, IsPro: 0

COMMAND LINE ARGUMENTS:
C:\Program Files\Unity\Hub\Editor\2020.3.30f1\Editor\Unity.exe
-adb2
-batchMode
-noUpm
-name
AssetImportWorker0
-projectPath
C:/Users/khy44/My project (4)
-logFile
Logs/AssetImportWorker0.log
-srvPort
65330
Successfully changed project path to: C:/Users/khy44/My project (4)
C:/Users/khy44/My project (4)
Using Asset Import Pipeline V2.
Refreshing native plugins compatible for Editor in 52.55 ms, found 2 plugins.
Preloading 0 native plugins for Editor in 0.00 ms.
Initialize engine version: 2020.3.30f1 (1fb1bf06830e)
[Subsystems] Discovering subsystems at path C:/Program Files/Unity/Hub/Editor/2020.3.30f1/Editor/Data/Resources/UnitySubsystems
[Subsystems] Discovering subsystems at path C:/Users/khy44/My project (4)/Assets
GfxDevice: creating device client; threaded=0
Direct3D:
    Version:  Direct3D 11.0 [level 11.1]
    Renderer: NVIDIA GeForce GTX 1660 Ti with Max-Q Design (ID=0x2191)
    Vendor:   
    VRAM:     5991 MB
    Driver:   30.0.14.9733
Initialize mono
Mono path[0] = 'C:/Program Files/Unity/Hub/Editor/2020.3.30f1/Editor/Data/Managed'
Mono path[1] = 'C:/Program Files/Unity/Hub/Editor/2020.3.30f1/Editor/Data/MonoBleedingEdge/lib/mono/unityjit'
Mono config path = 'C:/Program Files/Unity/Hub/Editor/2020.3.30f1/Editor/Data/MonoBleedingEdge/etc'
Using monoOptions --debugger-agent=transport=dt_socket,embedding=1,server=y,suspend=n,address=127.0.0.1:56348
Begin MonoManager ReloadAssembly
Registering precompiled unity dll's ...
Register platform support module: C:/Program Files/Unity/Hub/Editor/2020.3.30f1/Editor/Data/PlaybackEngines/WebGLSupport/UnityEditor.WebGL.Extensions.dll
Register platform support module: C:/Program Files/Unity/Hub/Editor/2020.3.30f1/Editor/Data/PlaybackEngines/WindowsStandaloneSupport/UnityEditor.WindowsStandalone.Extensions.dll
Registered in 0.002892 seconds.
Native extension for WindowsStandalone target not found
Native extension for WebGL target not found
Refreshing native plugins compatible for Editor in 50.06 ms, found 2 plugins.
Preloading 0 native plugins for Editor in 0.00 ms.
Mono: successfully reloaded assembly
- Completed reload, in  0.821 seconds
Domain Reload Profiling:
	ReloadAssembly (821ms)
		BeginReloadAssembly (90ms)
			ExecutionOrderSort (0ms)
			DisableScriptedObjects (0ms)
			BackupInstance (0ms)
			ReleaseScriptingObjects (0ms)
			CreateAndSetChildDomain (1ms)
		EndReloadAssembly (623ms)
			LoadAssemblies (88ms)
			RebuildTransferFunctionScriptingTraits (0ms)
			SetupTypeCache (209ms)
			ReleaseScriptCaches (0ms)
			RebuildScriptCaches (48ms)
			SetupLoadedEditorAssemblies (230ms)
				LogAssemblyErrors (0ms)
				InitializePlatformSupportModulesInManaged (10ms)
				SetLoadedEditorAssemblies (0ms)
				RefreshPlugins (50ms)
				BeforeProcessingInitializeOnLoad (13ms)
				ProcessInitializeOnLoadAttributes (119ms)
				ProcessInitializeOnLoadMethodAttributes (39ms)
				AfterProcessingInitializeOnLoad (0ms)
				EditorAssembliesLoaded (0ms)
			ExecutionOrderSort2 (0ms)
			AwakeInstancesAfterBackupRestoration (0ms)
Platform modules already initialized, skipping
Registering precompiled user dll's ...
Registered in 0.003993 seconds.
Begin MonoManager ReloadAssembly
Native extension for WindowsStandalone target not found
Native extension for WebGL target not found
Refreshing native plugins compatible for Editor in 0.56 ms, found 2 plugins.
Preloading 0 native plugins for Editor in 0.00 ms.
Mono: successfully reloaded assembly
- Completed reload, in  1.416 seconds
Domain Reload Profiling:
	ReloadAssembly (1417ms)
		BeginReloadAssembly (208ms)
			ExecutionOrderSort (0ms)
			DisableScriptedObjects (9ms)
			BackupInstance (0ms)
			ReleaseScriptingObjects (0ms)
			CreateAndSetChildDomain (25ms)
		EndReloadAssembly (1115ms)
			LoadAssemblies (131ms)
			RebuildTransferFunctionScriptingTraits (0ms)
			SetupTypeCache (368ms)
			ReleaseScriptCaches (0ms)
			RebuildScriptCaches (61ms)
			SetupLoadedEditorAssemblies (432ms)
				LogAssemblyErrors (0ms)
				InitializePlatformSupportModulesInManaged (8ms)
				SetLoadedEditorAssemblies (1ms)
				RefreshPlugins (1ms)
				BeforeProcessingInitializeOnLoad (84ms)
				ProcessInitializeOnLoadAttributes (319ms)
				ProcessInitializeOnLoadMethodAttributes (11ms)
				AfterProcessingInitializeOnLoad (8ms)
				EditorAssembliesLoaded (0ms)
			ExecutionOrderSort2 (0ms)
			AwakeInstancesAfterBackupRestoration (9ms)
Platform modules already initialized, skipping
========================================================================
Worker process is ready to serve import requests
Launched and connected shader compiler UnityShaderCompiler.exe after 0.08 seconds
Refreshing native plugins compatible for Editor in 0.44 ms, found 2 plugins.
Preloading 0 native plugins for Editor in 0.00 ms.
Unloading 1502 Unused Serialized files (Serialized files now loaded: 0)
System memory in use before: 86.4 MB.
System memory in use after: 86.5 MB.

Unloading 16 unused Assets to reduce memory usage. Loaded Objects now: 1959.
Total: 3.659100 ms (FindLiveObjects: 0.160400 ms CreateObjectMapping: 0.142100 ms MarkObjects: 3.243500 ms  DeleteObjects: 0.111500 ms)

AssetImportParameters requested are different than current active one (requested -> active):
  custom:framework-win-MediaFoundation: 216162199b28c13a410421893ffa2e32 -> 
  custom:video-decoder-ogg-theora: a1e56fd34408186e4bbccfd4996cb3dc -> 
  custom:container-muxer-webm: aa71ff27fc2769a1b78a27578f13a17b -> 
  custom:container-demuxer-webm: 4f35f7cbe854078d1ac9338744f61a02 -> 
  custom:container-demuxer-ogg: 62fdf1f143b41e24485cea50d1cbac27 -> 
  custom:video-encoder-webm-vp8: eb34c28f22e8b96e1ab97ce403110664 -> 
  custom:video-decoder-webm-vp8: 9c59270c3fd7afecdb556c50c9e8de78 -> 
  custom:audio-decoder-ogg-vorbis: bf7c407c2cedff20999df2af8eb42d56 -> 
  custom:audio-encoder-webm-vorbis: bf7c407c2cedff20999df2af8eb42d56 -> 
========================================================================
Received Import Request.
  path: Assets/SampleScenes/Textures
  artifactKey: Guid(086f32566457e9b4399348747e15d7a8) Importer(815301076,1909f56bfc062723c751e8b465ee728b)
Start importing Assets/SampleScenes/Textures using Guid(086f32566457e9b4399348747e15d7a8) Importer(815301076,1909f56bfc062723c751e8b465ee728b)  -> (artifact id: '1365bc79deadcb65828563d790d2249a') in 0.013899 seconds 
========================================================================
Received Import Request.
  Time since last request: 15.371335 seconds.
  path: Assets/SampleScenes/Menu/Prefabs/EventSystem.prefab
  artifactKey: Guid(af6c1d82d375aa54c81180d14d62761e) Importer(815301076,1909f56bfc062723c751e8b465ee728b)
Start importing Assets/SampleScenes/Menu/Prefabs/EventSystem.prefab using Guid(af6c1d82d375aa54c81180d14d62761e) Importer(815301076,1909f56bfc062723c751e8b465ee728b)  -> (artifact id: '85a545d6e9d3f45dc2fff7d252e09a88') in 0.063093 seconds 
========================================================================
Received Import Request.
  Time since last request: 0.000276 seconds.
  path: Assets/SampleScenes/Menu/Prefabs/MainMenuUI.prefab
  artifactKey: Guid(2c438794b43b9534189eff0d7d79335a) Importer(815301076,1909f56bfc062723c751e8b465ee728b)
Start importing Assets/SampleScenes/Menu/Prefabs/MainMenuUI.prefab using Guid(2c438794b43b9534189eff0d7d79335a) Importer(815301076,1909f56bfc062723c751e8b465ee728b)  -> (artifact id: 'da5f301021bc6a73e904bb3ed94739fb') in 0.058227 seconds 
========================================================================
Received Import Request.
  Time since last request: 0.000323 seconds.
  path: Assets/SampleScenes/Menu/Prefabs/MainMenuLoader.prefab
  artifactKey: Guid(9d86e6c6b9ce74f9ab00b6c214035130) Importer(815301076,1909f56bfc062723c751e8b465ee728b)
Start importing Assets/SampleScenes/Menu/Prefabs/MainMenuLoader.prefab using Guid(9d86e6c6b9ce74f9ab00b6c214035130) Importer(815301076,1909f56bfc062723c751e8b465ee728b)  -> (artifact id: 'c305bf23da7c82275fa1c7dc6b73a36b') in 0.017081 seconds 
========================================================================
Received Import Request.
  Time since last request: 1.547655 seconds.
  path: Assets/SampleScenes/Menu/Sprites/LogoUnitySprite.png
  artifactKey: Guid(7d6d5225d5a2b40e3959b66d13b6e29c) Importer(815301076,1909f56bfc062723c751e8b465ee728b)
Start importing Assets/SampleScenes/Menu/Sprites/LogoUnitySprite.png using Guid(7d6d5225d5a2b40e3959b66d13b6e29c) Importer(815301076,1909f56bfc062723c751e8b465ee728b)  -> (artifact id: '114f3db8da740da46d5b1d49f96278ea') in 0.089968 seconds 
========================================================================
Received Import Request.
  Time since last request: 0.000305 seconds.
  path: Assets/SampleScenes/Menu/Sprites/MenuCornerTopRightSprite.png
  artifactKey: Guid(2b592d40fd47980478920e3ed65b0985) Importer(815301076,1909f56bfc062723c751e8b465ee728b)
Start importing Assets/SampleScenes/Menu/Sprites/MenuCornerTopRightSprite.png using Guid(2b592d40fd47980478920e3ed65b0985) Importer(815301076,1909f56bfc062723c751e8b465ee728b)  -> (artifact id: '58139bc8c233b5b101b86d8a59034a0f') in 0.038263 seconds 
========================================================================
Received Import Request.
  Time since last request: 7.793159 seconds.
  path: Assets/TextureHaven/bricks_4k/bricks_4k_materials/brick_4.mat
  artifactKey: Guid(0f5247707726c4840aaf49a71cd9deb6) Importer(815301076,1909f56bfc062723c751e8b465ee728b)
Start importing Assets/TextureHaven/bricks_4k/bricks_4k_materials/brick_4.mat using Guid(0f5247707726c4840aaf49a71cd9deb6) Importer(815301076,1909f56bfc062723c751e8b465ee728b)  -> (artifact id: '4b0eab0a80d6eea29fc4a55265a572ae') in 0.155472 seconds 
========================================================================
Received Import Request.
  Time since last request: 0.000244 seconds.
  path: Assets/TextureHaven/bricks_4k/bricks_4k_textures/floor_klinkers_04/Materials/floor_klinkers_04_AO_4k.mat
  artifactKey: Guid(82d2e50c397f0d6429fced54da13e549) Importer(815301076,1909f56bfc062723c751e8b465ee728b)
Start importing Assets/TextureHaven/bricks_4k/bricks_4k_textures/floor_klinkers_04/Materials/floor_klinkers_04_AO_4k.mat using Guid(82d2e50c397f0d6429fced54da13e549) Importer(815301076,1909f56bfc062723c751e8b465ee728b)  -> (artifact id: 'ebb98f604c1e806e3a5f6f308ad9e33e') in 0.040379 seconds 
========================================================================
Received Import Request.
  Time since last request: 0.000327 seconds.
  path: Assets/TextureHaven/bricks_4k/bricks_4k_textures/castle_brick_02_red/Materials/castle_brick_02_red_diff_4k.mat
  artifactKey: Guid(abcb552ef1b55de4cab188d4f2ed0331) Importer(815301076,1909f56bfc062723c751e8b465ee728b)
Start importing Assets/TextureHaven/bricks_4k/bricks_4k_textures/castle_brick_02_red/Materials/castle_brick_02_red_diff_4k.mat using Guid(abcb552ef1b55de4cab188d4f2ed0331) Importer(815301076,1909f56bfc062723c751e8b465ee728b)  -> (artifact id: '2385ff94a7951e28686f06a4e833bdbe') in 0.032310 seconds 
========================================================================
Received Import Request.
  Time since last request: 0.000292 seconds.
  path: Assets/TextureHaven/bricks_4k/bricks_4k_materials/brown_brick_02.mat
  artifactKey: Guid(b646b7ca48627ea4eb141a961db6625f) Importer(815301076,1909f56bfc062723c751e8b465ee728b)
Start importing Assets/TextureHaven/bricks_4k/bricks_4k_materials/brown_brick_02.mat using Guid(b646b7ca48627ea4eb141a961db6625f) Importer(815301076,1909f56bfc062723c751e8b465ee728b)  -> (artifact id: 'e50ee94888b75880d220d7acb3fc55c9') in 0.031372 seconds 
========================================================================
Received Import Request.
  Time since last request: 0.000372 seconds.
  path: Assets/TextureHaven/bricks_4k/bricks_4k_textures/brick_4/Materials/brick_4_diff_4k.mat
  artifactKey: Guid(b2f9a3d8dda5efd419de914b1f88f3a5) Importer(815301076,1909f56bfc062723c751e8b465ee728b)
Start importing Assets/TextureHaven/bricks_4k/bricks_4k_textures/brick_4/Materials/brick_4_diff_4k.mat using Guid(b2f9a3d8dda5efd419de914b1f88f3a5) Importer(815301076,1909f56bfc062723c751e8b465ee728b)  -> (artifact id: 'e7a6241417fe615f45aabd88893c9343') in 0.030629 seconds 
========================================================================
Received Import Request.
  Time since last request: 0.000386 seconds.
  path: Assets/TextureHaven/bricks_4k/bricks_4k_materials/factory_brick.mat
  artifactKey: Guid(9de93fd496a82a5419091dfe9b84eb81) Importer(815301076,1909f56bfc062723c751e8b465ee728b)
Start importing Assets/TextureHaven/bricks_4k/bricks_4k_materials/factory_brick.mat using Guid(9de93fd496a82a5419091dfe9b84eb81) Importer(815301076,1909f56bfc062723c751e8b465ee728b)  -> (artifact id: '47bc8f9ffa6f9fbec72cd2c508e6bdde') in 0.022490 seconds 
========================================================================
Received Import Request.
  Time since last request: 0.000535 seconds.
  path: Assets/TextureHaven/bricks_4k/bricks_4k_textures/castle_brick_01/Materials/castle_brick_01_diff_4k.mat
  artifactKey: Guid(0256af3b7e902b64493ec0cf6acf9293) Importer(815301076,1909f56bfc062723c751e8b465ee728b)
Start importing Assets/TextureHaven/bricks_4k/bricks_4k_textures/castle_brick_01/Materials/castle_brick_01_diff_4k.mat using Guid(0256af3b7e902b64493ec0cf6acf9293) Importer(815301076,1909f56bfc062723c751e8b465ee728b)  -> (artifact id: 'b82cdf85597d18dd42a1751481b75937') in 0.031907 seconds 
========================================================================
Received Import Request.
  Time since last request: 1716.662596 seconds.
  path: Assets/SampleScenes/Materials/NavySmooth.mat
  artifactKey: Guid(bccdb449802ea144b8709da9bac60356) Importer(815301076,1909f56bfc062723c751e8b465ee728b)
Start importing Assets/SampleScenes/Materials/NavySmooth.mat using Guid(bccdb449802ea144b8709da9bac60356) Importer(815301076,1909f56bfc062723c751e8b465ee728b)  -> (artifact id: '235dce32bbcc04cfb4d89982af430255') in 0.037787 seconds 
AssetImportWorkerClient::OnTransportError - code=2 error=End of file
