Using pre-set license
Built from '2020.3/staging' branch; Version is '2020.3.30f1 (1fb1bf06830e) revision 2077119'; Using compiler version '192528614'; Build Type 'Release'
OS: 'Windows 10  (10.0.19044) 64bit Professional' Language: 'ko' Physical Memory: 15731 MB
BatchMode: 1, IsHumanControllingUs: 0, StartBugReporterOnCrash: 0, Is64bit: 1, IsPro: 0

COMMAND LINE ARGUMENTS:
C:\Program Files\Unity\Hub\Editor\2020.3.30f1\Editor\Unity.exe
-adb2
-batchMode
-noUpm
-name
AssetImportWorker0
-projectPath
C:/Users/khy44/My project (4)
-logFile
Logs/AssetImportWorker0.log
-srvPort
49981
Successfully changed project path to: C:/Users/khy44/My project (4)
C:/Users/khy44/My project (4)
Using Asset Import Pipeline V2.
Refreshing native plugins compatible for Editor in 69.66 ms, found 2 plugins.
Preloading 0 native plugins for Editor in 0.00 ms.
Initialize engine version: 2020.3.30f1 (1fb1bf06830e)
[Subsystems] Discovering subsystems at path C:/Program Files/Unity/Hub/Editor/2020.3.30f1/Editor/Data/Resources/UnitySubsystems
[Subsystems] Discovering subsystems at path C:/Users/khy44/My project (4)/Assets
GfxDevice: creating device client; threaded=0
Direct3D:
    Version:  Direct3D 11.0 [level 11.1]
    Renderer: NVIDIA GeForce GTX 1660 Ti with Max-Q Design (ID=0x2191)
    Vendor:   
    VRAM:     5991 MB
    Driver:   30.0.14.9733
Initialize mono
Mono path[0] = 'C:/Program Files/Unity/Hub/Editor/2020.3.30f1/Editor/Data/Managed'
Mono path[1] = 'C:/Program Files/Unity/Hub/Editor/2020.3.30f1/Editor/Data/MonoBleedingEdge/lib/mono/unityjit'
Mono config path = 'C:/Program Files/Unity/Hub/Editor/2020.3.30f1/Editor/Data/MonoBleedingEdge/etc'
Using monoOptions --debugger-agent=transport=dt_socket,embedding=1,server=y,suspend=n,address=127.0.0.1:56636
Begin MonoManager ReloadAssembly
Registering precompiled unity dll's ...
Register platform support module: C:/Program Files/Unity/Hub/Editor/2020.3.30f1/Editor/Data/PlaybackEngines/WebGLSupport/UnityEditor.WebGL.Extensions.dll
Register platform support module: C:/Program Files/Unity/Hub/Editor/2020.3.30f1/Editor/Data/PlaybackEngines/WindowsStandaloneSupport/UnityEditor.WindowsStandalone.Extensions.dll
Registered in 0.005440 seconds.
Native extension for WindowsStandalone target not found
Native extension for WebGL target not found
Refreshing native plugins compatible for Editor in 69.78 ms, found 2 plugins.
Preloading 0 native plugins for Editor in 0.00 ms.
Mono: successfully reloaded assembly
- Completed reload, in  1.167 seconds
Domain Reload Profiling:
	ReloadAssembly (1168ms)
		BeginReloadAssembly (133ms)
			ExecutionOrderSort (0ms)
			DisableScriptedObjects (0ms)
			BackupInstance (0ms)
			ReleaseScriptingObjects (0ms)
			CreateAndSetChildDomain (1ms)
		EndReloadAssembly (878ms)
			LoadAssemblies (130ms)
			RebuildTransferFunctionScriptingTraits (0ms)
			SetupTypeCache (274ms)
			ReleaseScriptCaches (0ms)
			RebuildScriptCaches (59ms)
			SetupLoadedEditorAssemblies (335ms)
				LogAssemblyErrors (0ms)
				InitializePlatformSupportModulesInManaged (8ms)
				SetLoadedEditorAssemblies (0ms)
				RefreshPlugins (70ms)
				BeforeProcessingInitializeOnLoad (23ms)
				ProcessInitializeOnLoadAttributes (183ms)
				ProcessInitializeOnLoadMethodAttributes (50ms)
				AfterProcessingInitializeOnLoad (0ms)
				EditorAssembliesLoaded (0ms)
			ExecutionOrderSort2 (0ms)
			AwakeInstancesAfterBackupRestoration (0ms)
Platform modules already initialized, skipping
Registering precompiled user dll's ...
Registered in 0.005199 seconds.
Begin MonoManager ReloadAssembly
Native extension for WindowsStandalone target not found
Native extension for WebGL target not found
Refreshing native plugins compatible for Editor in 0.57 ms, found 2 plugins.
Preloading 0 native plugins for Editor in 0.00 ms.
Mono: successfully reloaded assembly
- Completed reload, in  1.479 seconds
Domain Reload Profiling:
	ReloadAssembly (1481ms)
		BeginReloadAssembly (273ms)
			ExecutionOrderSort (0ms)
			DisableScriptedObjects (11ms)
			BackupInstance (0ms)
			ReleaseScriptingObjects (0ms)
			CreateAndSetChildDomain (25ms)
		EndReloadAssembly (1106ms)
			LoadAssemblies (149ms)
			RebuildTransferFunctionScriptingTraits (0ms)
			SetupTypeCache (368ms)
			ReleaseScriptCaches (1ms)
			RebuildScriptCaches (55ms)
			SetupLoadedEditorAssemblies (428ms)
				LogAssemblyErrors (0ms)
				InitializePlatformSupportModulesInManaged (8ms)
				SetLoadedEditorAssemblies (0ms)
				RefreshPlugins (1ms)
				BeforeProcessingInitializeOnLoad (66ms)
				ProcessInitializeOnLoadAttributes (328ms)
				ProcessInitializeOnLoadMethodAttributes (13ms)
				AfterProcessingInitializeOnLoad (12ms)
				EditorAssembliesLoaded (0ms)
			ExecutionOrderSort2 (0ms)
			AwakeInstancesAfterBackupRestoration (7ms)
Platform modules already initialized, skipping
========================================================================
Worker process is ready to serve import requests
Launched and connected shader compiler UnityShaderCompiler.exe after 0.09 seconds
Refreshing native plugins compatible for Editor in 0.83 ms, found 2 plugins.
Preloading 0 native plugins for Editor in 0.00 ms.
Unloading 1502 Unused Serialized files (Serialized files now loaded: 0)
System memory in use before: 86.4 MB.
System memory in use after: 86.5 MB.

Unloading 16 unused Assets to reduce memory usage. Loaded Objects now: 1959.
Total: 2.800700 ms (FindLiveObjects: 0.146400 ms CreateObjectMapping: 0.033200 ms MarkObjects: 2.522000 ms  DeleteObjects: 0.097700 ms)

AssetImportParameters requested are different than current active one (requested -> active):
  custom:framework-win-MediaFoundation: 216162199b28c13a410421893ffa2e32 -> 
  custom:video-decoder-ogg-theora: a1e56fd34408186e4bbccfd4996cb3dc -> 
  custom:container-muxer-webm: aa71ff27fc2769a1b78a27578f13a17b -> 
  custom:container-demuxer-webm: 4f35f7cbe854078d1ac9338744f61a02 -> 
  custom:container-demuxer-ogg: 62fdf1f143b41e24485cea50d1cbac27 -> 
  custom:video-encoder-webm-vp8: eb34c28f22e8b96e1ab97ce403110664 -> 
  custom:video-decoder-webm-vp8: 9c59270c3fd7afecdb556c50c9e8de78 -> 
  custom:audio-decoder-ogg-vorbis: bf7c407c2cedff20999df2af8eb42d56 -> 
  custom:audio-encoder-webm-vorbis: bf7c407c2cedff20999df2af8eb42d56 -> 
========================================================================
Received Import Request.
  path: Assets/SampleScenes/Menu/Prefabs/NetworkGameMenuUI.prefab
  artifactKey: Guid(da4ad5eaeea795c4c889dcf86db7ca39) Importer(815301076,1909f56bfc062723c751e8b465ee728b)
Start importing Assets/SampleScenes/Menu/Prefabs/NetworkGameMenuUI.prefab using Guid(da4ad5eaeea795c4c889dcf86db7ca39) Importer(815301076,1909f56bfc062723c751e8b465ee728b)  -> (artifact id: '1c5889cd77ac0ae42ed4fb56d8347a04') in 0.072124 seconds 
========================================================================
Received Import Request.
  Time since last request: 0.000438 seconds.
  path: Assets/SampleScenes/Menu/Prefabs/NetworkScoreBarUI.prefab
  artifactKey: Guid(3da1cd500d4e06d4bb56050e320d9b22) Importer(815301076,1909f56bfc062723c751e8b465ee728b)
Start importing Assets/SampleScenes/Menu/Prefabs/NetworkScoreBarUI.prefab using Guid(3da1cd500d4e06d4bb56050e320d9b22) Importer(815301076,1909f56bfc062723c751e8b465ee728b)  -> (artifact id: 'a39275b8584b747b1810e9e9e345fd59') in 0.014315 seconds 
========================================================================
Received Import Request.
  Time since last request: 1476.630308 seconds.
  path: Assets/TextureHaven/bricks_4k
  artifactKey: Guid(6eb83351b799a8c4cbe7c641c160a759) Importer(815301076,1909f56bfc062723c751e8b465ee728b)
Start importing Assets/TextureHaven/bricks_4k using Guid(6eb83351b799a8c4cbe7c641c160a759) Importer(815301076,1909f56bfc062723c751e8b465ee728b)  -> (artifact id: 'fc1900a4997ead0c401be38b7726eeee') in 0.015437 seconds 
========================================================================
Received Import Request.
  Time since last request: 0.895036 seconds.
  path: Assets/TextureHaven/bricks_4k/bricks_4k_materials
  artifactKey: Guid(6a21eadbbf6d5d4428b2b48eda10a2a7) Importer(815301076,1909f56bfc062723c751e8b465ee728b)
Start importing Assets/TextureHaven/bricks_4k/bricks_4k_materials using Guid(6a21eadbbf6d5d4428b2b48eda10a2a7) Importer(815301076,1909f56bfc062723c751e8b465ee728b)  -> (artifact id: '299e94c312f5c96cb51316e5e1663b74') in 0.016319 seconds 
========================================================================
Received Import Request.
  Time since last request: 0.035753 seconds.
  path: Assets/TextureHaven/bricks_4k/bricks_4k_materials/brick_4.mat
  artifactKey: Guid(0f5247707726c4840aaf49a71cd9deb6) Importer(815301076,1909f56bfc062723c751e8b465ee728b)
Start importing Assets/TextureHaven/bricks_4k/bricks_4k_materials/brick_4.mat using Guid(0f5247707726c4840aaf49a71cd9deb6) Importer(815301076,1909f56bfc062723c751e8b465ee728b)  -> (artifact id: '445be8de9b19c7e5479296e965fbb535') in 0.743563 seconds 
========================================================================
Received Import Request.
  Time since last request: 0.000278 seconds.
  path: Assets/TextureHaven/bricks_4k/bricks_4k_materials/floor_klinkers_04.mat
  artifactKey: Guid(548b11aaf9078ac46beecc99f2685480) Importer(815301076,1909f56bfc062723c751e8b465ee728b)
Start importing Assets/TextureHaven/bricks_4k/bricks_4k_materials/floor_klinkers_04.mat using Guid(548b11aaf9078ac46beecc99f2685480) Importer(815301076,1909f56bfc062723c751e8b465ee728b)  -> (artifact id: '1b948b54fb86d21b9bc7e90c81715924') in 0.116972 seconds 
========================================================================
Received Import Request.
  Time since last request: 0.000434 seconds.
  path: Assets/TextureHaven/bricks_4k/bricks_4k_materials/floor_bricks_02.mat
  artifactKey: Guid(b4f220c58aa8b704caea1811d74cc33e) Importer(815301076,1909f56bfc062723c751e8b465ee728b)
Start importing Assets/TextureHaven/bricks_4k/bricks_4k_materials/floor_bricks_02.mat using Guid(b4f220c58aa8b704caea1811d74cc33e) Importer(815301076,1909f56bfc062723c751e8b465ee728b)  -> (artifact id: '0f47f6a581c5e394f796128fa5583485') in 0.020875 seconds 
========================================================================
Received Import Request.
  Time since last request: 0.000401 seconds.
  path: Assets/TextureHaven/bricks_4k/bricks_4k_materials/brown_brick_02.mat
  artifactKey: Guid(b646b7ca48627ea4eb141a961db6625f) Importer(815301076,1909f56bfc062723c751e8b465ee728b)
Start importing Assets/TextureHaven/bricks_4k/bricks_4k_materials/brown_brick_02.mat using Guid(b646b7ca48627ea4eb141a961db6625f) Importer(815301076,1909f56bfc062723c751e8b465ee728b)  -> (artifact id: '2ae6a2e89011754ffb8c463102d2dd4b') in 0.031610 seconds 
========================================================================
Received Import Request.
  Time since last request: 0.000319 seconds.
  path: Assets/TextureHaven/bricks_4k/bricks_4k_materials/red_brick_plaster_patch_02.mat
  artifactKey: Guid(af776d5ae2c1683448fced327de13ff9) Importer(815301076,1909f56bfc062723c751e8b465ee728b)
Start importing Assets/TextureHaven/bricks_4k/bricks_4k_materials/red_brick_plaster_patch_02.mat using Guid(af776d5ae2c1683448fced327de13ff9) Importer(815301076,1909f56bfc062723c751e8b465ee728b)  -> (artifact id: '08096d5249b0628cd17ff4a3dc48e1b1') in 0.026439 seconds 
========================================================================
Received Import Request.
  Time since last request: 0.000315 seconds.
  path: Assets/TextureHaven/bricks_4k/bricks_4k_materials/random_bricks_thick.mat
  artifactKey: Guid(39e16656e5cfe1c41aa630f3bbb0f23c) Importer(815301076,1909f56bfc062723c751e8b465ee728b)
Start importing Assets/TextureHaven/bricks_4k/bricks_4k_materials/random_bricks_thick.mat using Guid(39e16656e5cfe1c41aa630f3bbb0f23c) Importer(815301076,1909f56bfc062723c751e8b465ee728b)  -> (artifact id: '83062b0179f9592189dfb2e29c8f8df3') in 0.018668 seconds 
========================================================================
Received Import Request.
  Time since last request: 0.000294 seconds.
  path: Assets/TextureHaven/bricks_4k/bricks_4k_materials/large_red_bricks.mat
  artifactKey: Guid(5c3cb0375949bc54d970cc69d28e7fdb) Importer(815301076,1909f56bfc062723c751e8b465ee728b)
Start importing Assets/TextureHaven/bricks_4k/bricks_4k_materials/large_red_bricks.mat using Guid(5c3cb0375949bc54d970cc69d28e7fdb) Importer(815301076,1909f56bfc062723c751e8b465ee728b)  -> (artifact id: 'dbf3262f4d90b9f574e733a3a8a191d9') in 0.370343 seconds 
========================================================================
Received Import Request.
  Time since last request: 0.000292 seconds.
  path: Assets/TextureHaven/bricks_4k/bricks_4k_materials/red_brick_03.mat
  artifactKey: Guid(9e2724599e636444a836b8339f703798) Importer(815301076,1909f56bfc062723c751e8b465ee728b)
Start importing Assets/TextureHaven/bricks_4k/bricks_4k_materials/red_brick_03.mat using Guid(9e2724599e636444a836b8339f703798) Importer(815301076,1909f56bfc062723c751e8b465ee728b)  -> (artifact id: 'b0339fb024d5edcb0f817cbb956d85fb') in 0.018806 seconds 
========================================================================
Received Import Request.
  Time since last request: 0.000327 seconds.
  path: Assets/TextureHaven/bricks_4k/bricks_4k_materials/rough_block_wall.mat
  artifactKey: Guid(56c604a0ab86e6a4da2f728049ddfd2d) Importer(815301076,1909f56bfc062723c751e8b465ee728b)
Start importing Assets/TextureHaven/bricks_4k/bricks_4k_materials/rough_block_wall.mat using Guid(56c604a0ab86e6a4da2f728049ddfd2d) Importer(815301076,1909f56bfc062723c751e8b465ee728b)  -> (artifact id: '45778837a6406ddae05a8283a7ac32a7') in 0.019193 seconds 
========================================================================
Received Import Request.
  Time since last request: 0.000450 seconds.
  path: Assets/TextureHaven/bricks_4k/bricks_4k_materials/castle_brick_07.mat
  artifactKey: Guid(04db667afca9a3d4e9adfb200cb81adc) Importer(815301076,1909f56bfc062723c751e8b465ee728b)
Start importing Assets/TextureHaven/bricks_4k/bricks_4k_materials/castle_brick_07.mat using Guid(04db667afca9a3d4e9adfb200cb81adc) Importer(815301076,1909f56bfc062723c751e8b465ee728b)  -> (artifact id: 'd548ab8960a43b5730f5b9e4ce3bd79f') in 0.018097 seconds 
========================================================================
Received Import Request.
  Time since last request: 0.000313 seconds.
  path: Assets/TextureHaven/bricks_4k/bricks_4k_materials/factory_brick.mat
  artifactKey: Guid(9de93fd496a82a5419091dfe9b84eb81) Importer(815301076,1909f56bfc062723c751e8b465ee728b)
Start importing Assets/TextureHaven/bricks_4k/bricks_4k_materials/factory_brick.mat using Guid(9de93fd496a82a5419091dfe9b84eb81) Importer(815301076,1909f56bfc062723c751e8b465ee728b)  -> (artifact id: 'be1ac8ffcf1cc742c931946c1c8360a1') in 0.016535 seconds 
========================================================================
Received Import Request.
  Time since last request: 0.000280 seconds.
  path: Assets/TextureHaven/bricks_4k/bricks_4k_materials/yellow_brick.mat
  artifactKey: Guid(a0f9cfed066832343af7557a29adfe46) Importer(815301076,1909f56bfc062723c751e8b465ee728b)
Start importing Assets/TextureHaven/bricks_4k/bricks_4k_materials/yellow_brick.mat using Guid(a0f9cfed066832343af7557a29adfe46) Importer(815301076,1909f56bfc062723c751e8b465ee728b)  -> (artifact id: '6873f0fd0b4ba254c22b71e3ee241e57') in 0.019878 seconds 
========================================================================
Received Import Request.
  Time since last request: 0.000358 seconds.
  path: Assets/TextureHaven/bricks_4k/bricks_4k_materials/yellow_bricks.mat
  artifactKey: Guid(34ddb67a0dc5dd34699895d00307a1d0) Importer(815301076,1909f56bfc062723c751e8b465ee728b)
Start importing Assets/TextureHaven/bricks_4k/bricks_4k_materials/yellow_bricks.mat using Guid(34ddb67a0dc5dd34699895d00307a1d0) Importer(815301076,1909f56bfc062723c751e8b465ee728b)  -> (artifact id: 'f09ebe3ea509883c02f10f40f4195751') in 0.018436 seconds 
========================================================================
Received Import Request.
  Time since last request: 0.000459 seconds.
  path: Assets/TextureHaven/bricks_4k/bricks_4k_materials/red_bricks_02.mat
  artifactKey: Guid(ae5ba161659e0b249ac16a927c4e3285) Importer(815301076,1909f56bfc062723c751e8b465ee728b)
Start importing Assets/TextureHaven/bricks_4k/bricks_4k_materials/red_bricks_02.mat using Guid(ae5ba161659e0b249ac16a927c4e3285) Importer(815301076,1909f56bfc062723c751e8b465ee728b)  -> (artifact id: '9ce00a50d71bc546d694488ecc0f3d44') in 0.020727 seconds 
========================================================================
Received Import Request.
  Time since last request: 0.000366 seconds.
  path: Assets/TextureHaven/bricks_4k/bricks_4k_materials/church_bricks_03.mat
  artifactKey: Guid(db107c4594ee92b42add63f3c54fef63) Importer(815301076,1909f56bfc062723c751e8b465ee728b)
Start importing Assets/TextureHaven/bricks_4k/bricks_4k_materials/church_bricks_03.mat using Guid(db107c4594ee92b42add63f3c54fef63) Importer(815301076,1909f56bfc062723c751e8b465ee728b)  -> (artifact id: '6b10315605c7dcc83771a54b916a5e1f') in 0.018265 seconds 
========================================================================
Received Import Request.
  Time since last request: 0.000325 seconds.
  path: Assets/TextureHaven/bricks_4k/bricks_4k_materials/castle_brick_02_white.mat
  artifactKey: Guid(9896db4a02ee3204aacd7edd2cf74707) Importer(815301076,1909f56bfc062723c751e8b465ee728b)
Start importing Assets/TextureHaven/bricks_4k/bricks_4k_materials/castle_brick_02_white.mat using Guid(9896db4a02ee3204aacd7edd2cf74707) Importer(815301076,1909f56bfc062723c751e8b465ee728b)  -> (artifact id: '89f9c172c99fde26b74692ac16aadee5') in 0.019714 seconds 
========================================================================
Received Import Request.
  Time since last request: 0.000407 seconds.
  path: Assets/TextureHaven/bricks_4k/bricks_4k_materials/white_bricks.mat
  artifactKey: Guid(b61e1ae010e36444f98ec8a61cd3880d) Importer(815301076,1909f56bfc062723c751e8b465ee728b)
Start importing Assets/TextureHaven/bricks_4k/bricks_4k_materials/white_bricks.mat using Guid(b61e1ae010e36444f98ec8a61cd3880d) Importer(815301076,1909f56bfc062723c751e8b465ee728b)  -> (artifact id: '27dfa7de22e52ff7683bf46d2c35be7b') in 0.020744 seconds 
========================================================================
Received Import Request.
  Time since last request: 11.463563 seconds.
  path: Assets/TextureHaven/bricks_4k/bricks_4k_textures
  artifactKey: Guid(cf2304a4e20fe5c4b99be5e3d9f0cc72) Importer(815301076,1909f56bfc062723c751e8b465ee728b)
Start importing Assets/TextureHaven/bricks_4k/bricks_4k_textures using Guid(cf2304a4e20fe5c4b99be5e3d9f0cc72) Importer(815301076,1909f56bfc062723c751e8b465ee728b)  -> (artifact id: 'a0517003f8632931d4df89aeafa78f60') in 0.017758 seconds 
========================================================================
Received Import Request.
  Time since last request: 0.771931 seconds.
  path: Assets/TextureHaven/bricks_4k/bricks_4k_textures/brick_4
  artifactKey: Guid(9fdab0a20ca376a4a82760106dadf402) Importer(815301076,1909f56bfc062723c751e8b465ee728b)
Start importing Assets/TextureHaven/bricks_4k/bricks_4k_textures/brick_4 using Guid(9fdab0a20ca376a4a82760106dadf402) Importer(815301076,1909f56bfc062723c751e8b465ee728b)  -> (artifact id: 'ba77ffa154492af670434ec4eef4543a') in 0.003834 seconds 
========================================================================
Received Import Request.
  Time since last request: 0.052881 seconds.
  path: Assets/TextureHaven/bricks_4k/bricks_4k_textures/brick_4/brick_4_diff_4k.png
  artifactKey: Guid(c04d54fe7ad9eee46a1e373e5a6b47c4) Importer(815301076,1909f56bfc062723c751e8b465ee728b)
Start importing Assets/TextureHaven/bricks_4k/bricks_4k_textures/brick_4/brick_4_diff_4k.png using Guid(c04d54fe7ad9eee46a1e373e5a6b47c4) Importer(815301076,1909f56bfc062723c751e8b465ee728b)  -> (artifact id: '88420350a8c9b1e558c98f4ccac1d6ac') in 0.044013 seconds 
========================================================================
Received Import Request.
  Time since last request: 0.000244 seconds.
  path: Assets/TextureHaven/bricks_4k/bricks_4k_textures/brick_4/brick_4_disp_4k.png
  artifactKey: Guid(87fbfed1062b53c4f903cfeb962571dc) Importer(815301076,1909f56bfc062723c751e8b465ee728b)
Start importing Assets/TextureHaven/bricks_4k/bricks_4k_textures/brick_4/brick_4_disp_4k.png using Guid(87fbfed1062b53c4f903cfeb962571dc) Importer(815301076,1909f56bfc062723c751e8b465ee728b)  -> (artifact id: '026ccf88bde46284534d79a378d2a3fd') in 0.036498 seconds 
========================================================================
Received Import Request.
  Time since last request: 17.399800 seconds.
  path: Assets/TextureHaven/bricks_4k/bricks_4k_textures/floor_klinkers_04/floor_klinkers_04_AO_4k.png
  artifactKey: Guid(68240d94af98f5b47a5e1cc6c2305a50) Importer(815301076,1909f56bfc062723c751e8b465ee728b)
Start importing Assets/TextureHaven/bricks_4k/bricks_4k_textures/floor_klinkers_04/floor_klinkers_04_AO_4k.png using Guid(68240d94af98f5b47a5e1cc6c2305a50) Importer(815301076,1909f56bfc062723c751e8b465ee728b)  -> (artifact id: 'e53d7f6479b0e6bb94e5dd63cbbd7baa') in 0.035393 seconds 
========================================================================
Received Import Request.
  Time since last request: 0.000441 seconds.
  path: Assets/TextureHaven/bricks_4k/bricks_4k_textures/floor_klinkers_04/floor_klinkers_04_diff_4k.png
  artifactKey: Guid(1b808891fe3a5c0499c9b3630a1b3c9c) Importer(815301076,1909f56bfc062723c751e8b465ee728b)
Start importing Assets/TextureHaven/bricks_4k/bricks_4k_textures/floor_klinkers_04/floor_klinkers_04_diff_4k.png using Guid(1b808891fe3a5c0499c9b3630a1b3c9c) Importer(815301076,1909f56bfc062723c751e8b465ee728b)  -> (artifact id: '42ea6149b67b155b53571f96292dad69') in 0.032862 seconds 
========================================================================
Received Import Request.
  Time since last request: 0.000329 seconds.
  path: Assets/TextureHaven/bricks_4k/bricks_4k_textures/floor_klinkers_04/floor_klinkers_04_bump_4k.png
  artifactKey: Guid(509f46fbee8ab1c409c3308cb50fec61) Importer(815301076,1909f56bfc062723c751e8b465ee728b)
Start importing Assets/TextureHaven/bricks_4k/bricks_4k_textures/floor_klinkers_04/floor_klinkers_04_bump_4k.png using Guid(509f46fbee8ab1c409c3308cb50fec61) Importer(815301076,1909f56bfc062723c751e8b465ee728b)  -> (artifact id: '022fc0e80ffd2f4e207023e12cd8efe0') in 0.036510 seconds 
========================================================================
Received Import Request.
  Time since last request: 0.000279 seconds.
  path: Assets/TextureHaven/bricks_4k/bricks_4k_textures/floor_klinkers_04/floor_klinkers_04_spec_4k.png
  artifactKey: Guid(b076a79b093c00e42a85a1f7aa9843c2) Importer(815301076,1909f56bfc062723c751e8b465ee728b)
Start importing Assets/TextureHaven/bricks_4k/bricks_4k_textures/floor_klinkers_04/floor_klinkers_04_spec_4k.png using Guid(b076a79b093c00e42a85a1f7aa9843c2) Importer(815301076,1909f56bfc062723c751e8b465ee728b)  -> (artifact id: 'fb77037e93e51cc870767696929733a7') in 0.033331 seconds 
========================================================================
Received Import Request.
  Time since last request: 0.000305 seconds.
  path: Assets/TextureHaven/bricks_4k/bricks_4k_textures/floor_klinkers_04/floor_klinkers_04_disp_4k.png
  artifactKey: Guid(bc41cb33dff8e284d853c230a94947f6) Importer(815301076,1909f56bfc062723c751e8b465ee728b)
Start importing Assets/TextureHaven/bricks_4k/bricks_4k_textures/floor_klinkers_04/floor_klinkers_04_disp_4k.png using Guid(bc41cb33dff8e284d853c230a94947f6) Importer(815301076,1909f56bfc062723c751e8b465ee728b)  -> (artifact id: 'ef1bda1eff86789961359cb9892f3271') in 0.034620 seconds 
========================================================================
Received Import Request.
  Time since last request: 0.000243 seconds.
  path: Assets/TextureHaven/bricks_4k/bricks_4k_textures/floor_klinkers_04/floor_klinkers_04_nor_4k.png
  artifactKey: Guid(cc716156c7685354a9fd322834a2835a) Importer(815301076,1909f56bfc062723c751e8b465ee728b)
Start importing Assets/TextureHaven/bricks_4k/bricks_4k_textures/floor_klinkers_04/floor_klinkers_04_nor_4k.png using Guid(cc716156c7685354a9fd322834a2835a) Importer(815301076,1909f56bfc062723c751e8b465ee728b)  -> (artifact id: '462fe35847be6e0785ed6055b8e93aa6') in 0.045711 seconds 
========================================================================
Received Import Request.
  Time since last request: 0.000447 seconds.
  path: Assets/TextureHaven/bricks_4k/bricks_4k_textures/floor_klinkers_04/floor_klinkers_04_rough_4k.png
  artifactKey: Guid(bf42117a3a5114f408fd10716a178992) Importer(815301076,1909f56bfc062723c751e8b465ee728b)
Start importing Assets/TextureHaven/bricks_4k/bricks_4k_textures/floor_klinkers_04/floor_klinkers_04_rough_4k.png using Guid(bf42117a3a5114f408fd10716a178992) Importer(815301076,1909f56bfc062723c751e8b465ee728b)  -> (artifact id: '2d4e6dc95269ed3231ec68482f300792') in 0.034888 seconds 
========================================================================
Received Import Request.
  Time since last request: 0.000263 seconds.
  path: Assets/TextureHaven/bricks_4k/bricks_4k_textures/floor_klinkers_04/floor_klinkers_04_SpecSmoothness.png
  artifactKey: Guid(14a5ac1ee7db94c4ba0f1e574d4561ee) Importer(815301076,1909f56bfc062723c751e8b465ee728b)
Start importing Assets/TextureHaven/bricks_4k/bricks_4k_textures/floor_klinkers_04/floor_klinkers_04_SpecSmoothness.png using Guid(14a5ac1ee7db94c4ba0f1e574d4561ee) Importer(815301076,1909f56bfc062723c751e8b465ee728b)  -> (artifact id: '9f2949663b3a2377d1dc5158fe69d6f9') in 0.051393 seconds 
========================================================================
Received Import Request.
  Time since last request: 9.329068 seconds.
  path: Assets/TextureHaven/bricks_4k/bricks_4k_textures/castle_brick_02_red/castle_brick_02_red_diff_4k.png
  artifactKey: Guid(a14519c151e312a42964b645f0bb0327) Importer(815301076,1909f56bfc062723c751e8b465ee728b)
Start importing Assets/TextureHaven/bricks_4k/bricks_4k_textures/castle_brick_02_red/castle_brick_02_red_diff_4k.png using Guid(a14519c151e312a42964b645f0bb0327) Importer(815301076,1909f56bfc062723c751e8b465ee728b)  -> (artifact id: '7dcf96fa7481e561b9315e9767d14573') in 0.031726 seconds 
========================================================================
Received Import Request.
  Time since last request: 25.405821 seconds.
  path: Assets/TextureHaven/bricks_4k/bricks_4k_textures/brown_brick_02
  artifactKey: Guid(8cd2336a71b947e4faf311d39f841d5c) Importer(815301076,1909f56bfc062723c751e8b465ee728b)
Start importing Assets/TextureHaven/bricks_4k/bricks_4k_textures/brown_brick_02 using Guid(8cd2336a71b947e4faf311d39f841d5c) Importer(815301076,1909f56bfc062723c751e8b465ee728b)  -> (artifact id: '217a2596f430f8943f976da19a844b61') in 0.009950 seconds 
========================================================================
Received Import Request.
  Time since last request: 0.056433 seconds.
  path: Assets/TextureHaven/bricks_4k/bricks_4k_textures/brown_brick_02/brown_brick_02_bump_4k.png
  artifactKey: Guid(7935483a00c686e4e8f9ad6484b13575) Importer(815301076,1909f56bfc062723c751e8b465ee728b)
Start importing Assets/TextureHaven/bricks_4k/bricks_4k_textures/brown_brick_02/brown_brick_02_bump_4k.png using Guid(7935483a00c686e4e8f9ad6484b13575) Importer(815301076,1909f56bfc062723c751e8b465ee728b)  -> (artifact id: '60fb2e8a2303e87db8728fce9ba0ceae') in 0.032996 seconds 
========================================================================
Received Import Request.
  Time since last request: 0.000284 seconds.
  path: Assets/TextureHaven/bricks_4k/bricks_4k_textures/brown_brick_02/brown_brick_02_diff_4k.png
  artifactKey: Guid(2935dfef89ab8cb46bce09a66b387bad) Importer(815301076,1909f56bfc062723c751e8b465ee728b)
Start importing Assets/TextureHaven/bricks_4k/bricks_4k_textures/brown_brick_02/brown_brick_02_diff_4k.png using Guid(2935dfef89ab8cb46bce09a66b387bad) Importer(815301076,1909f56bfc062723c751e8b465ee728b)  -> (artifact id: '8f14e8b445f255839acf68d057535e10') in 0.036381 seconds 
========================================================================
Received Import Request.
  Time since last request: 2.695806 seconds.
  path: Assets/TextureHaven/bricks_4k/bricks_4k_textures/brown_brick_02/Materials
  artifactKey: Guid(af2d44510c955c346a479d1aecd613c3) Importer(815301076,1909f56bfc062723c751e8b465ee728b)
Start importing Assets/TextureHaven/bricks_4k/bricks_4k_textures/brown_brick_02/Materials using Guid(af2d44510c955c346a479d1aecd613c3) Importer(815301076,1909f56bfc062723c751e8b465ee728b)  -> (artifact id: '7bea338674eecfaab465834e3cade848') in 0.018472 seconds 
========================================================================
Received Import Request.
  Time since last request: 0.042792 seconds.
  path: Assets/TextureHaven/bricks_4k/bricks_4k_textures/brown_brick_02/Materials/brown_brick_02_diff_4k.mat
  artifactKey: Guid(27393b610b64c714fbb7feb7a0470188) Importer(815301076,1909f56bfc062723c751e8b465ee728b)
Start importing Assets/TextureHaven/bricks_4k/bricks_4k_textures/brown_brick_02/Materials/brown_brick_02_diff_4k.mat using Guid(27393b610b64c714fbb7feb7a0470188) Importer(815301076,1909f56bfc062723c751e8b465ee728b)  -> (artifact id: '28c1a202fac39fbac063b5d27d0ded2b') in 0.041189 seconds 
========================================================================
Received Import Request.
  Time since last request: 3.473165 seconds.
  path: Assets/TextureHaven/bricks_4k/bricks_4k_textures/castle_brick_01
  artifactKey: Guid(20c84782b2e8f51468434805ba1e246b) Importer(815301076,1909f56bfc062723c751e8b465ee728b)
Start importing Assets/TextureHaven/bricks_4k/bricks_4k_textures/castle_brick_01 using Guid(20c84782b2e8f51468434805ba1e246b) Importer(815301076,1909f56bfc062723c751e8b465ee728b)  -> (artifact id: 'c11a60286ce222159f180331b2128539') in 0.012163 seconds 
========================================================================
Received Import Request.
  Time since last request: 0.031792 seconds.
  path: Assets/TextureHaven/bricks_4k/bricks_4k_textures/castle_brick_01/castle_brick_01_diff_4k.png
  artifactKey: Guid(4923edc010153cb4bbfd2ff24b3d8353) Importer(815301076,1909f56bfc062723c751e8b465ee728b)
Start importing Assets/TextureHaven/bricks_4k/bricks_4k_textures/castle_brick_01/castle_brick_01_diff_4k.png using Guid(4923edc010153cb4bbfd2ff24b3d8353) Importer(815301076,1909f56bfc062723c751e8b465ee728b)  -> (artifact id: '018b555af3eecc901e01a09c900f5d35') in 0.036824 seconds 
========================================================================
Received Import Request.
  Time since last request: 85.964991 seconds.
  path: Assets/TextureHaven/bricks_4k/bricks_4k_textures/floor_klinkers_04/Materials
  artifactKey: Guid(9b874f0af34f5274c871e12bb087ddc4) Importer(815301076,1909f56bfc062723c751e8b465ee728b)
Start importing Assets/TextureHaven/bricks_4k/bricks_4k_textures/floor_klinkers_04/Materials using Guid(9b874f0af34f5274c871e12bb087ddc4) Importer(815301076,1909f56bfc062723c751e8b465ee728b)  -> (artifact id: 'e49462ded8f4d8f84d5a9e432a7d86e2') in 0.003832 seconds 
========================================================================
Received Import Request.
  Time since last request: 1.133840 seconds.
  path: Assets/TextureHaven/bricks_4k/bricks_4k_textures/floor_klinkers_04/Materials/floor_klinkers_04_bump_4k.mat
  artifactKey: Guid(baab50e4c874c274b933b8d6cfec670a) Importer(815301076,1909f56bfc062723c751e8b465ee728b)
Start importing Assets/TextureHaven/bricks_4k/bricks_4k_textures/floor_klinkers_04/Materials/floor_klinkers_04_bump_4k.mat using Guid(baab50e4c874c274b933b8d6cfec670a) Importer(815301076,1909f56bfc062723c751e8b465ee728b)  -> (artifact id: 'b997a37ebb729be7bd76cacbbbe5fcfc') in 0.032565 seconds 
========================================================================
Received Import Request.
  Time since last request: 0.000283 seconds.
  path: Assets/TextureHaven/bricks_4k/bricks_4k_textures/floor_klinkers_04/Materials/floor_klinkers_04_diff_4k.mat
  artifactKey: Guid(566c283ba53f40444a89df98c90a6fc4) Importer(815301076,1909f56bfc062723c751e8b465ee728b)
Start importing Assets/TextureHaven/bricks_4k/bricks_4k_textures/floor_klinkers_04/Materials/floor_klinkers_04_diff_4k.mat using Guid(566c283ba53f40444a89df98c90a6fc4) Importer(815301076,1909f56bfc062723c751e8b465ee728b)  -> (artifact id: '45fdba91226f4172bf1ba58250ed6c09') in 0.038239 seconds 
========================================================================
Received Import Request.
  Time since last request: 0.000283 seconds.
  path: Assets/TextureHaven/bricks_4k/bricks_4k_textures/floor_klinkers_04/Materials/floor_klinkers_04_disp_4k.mat
  artifactKey: Guid(1fcb7cdf27267944fac5ce9cf411a71e) Importer(815301076,1909f56bfc062723c751e8b465ee728b)
Start importing Assets/TextureHaven/bricks_4k/bricks_4k_textures/floor_klinkers_04/Materials/floor_klinkers_04_disp_4k.mat using Guid(1fcb7cdf27267944fac5ce9cf411a71e) Importer(815301076,1909f56bfc062723c751e8b465ee728b)  -> (artifact id: '3beee32a0fd438b4b5457fb1929a8095') in 0.035663 seconds 
========================================================================
Received Import Request.
  Time since last request: 0.000218 seconds.
  path: Assets/TextureHaven/bricks_4k/bricks_4k_textures/floor_klinkers_04/Materials/floor_klinkers_04_rough_4k.mat
  artifactKey: Guid(5dda06c959388f24e9042a0c8432f91c) Importer(815301076,1909f56bfc062723c751e8b465ee728b)
Start importing Assets/TextureHaven/bricks_4k/bricks_4k_textures/floor_klinkers_04/Materials/floor_klinkers_04_rough_4k.mat using Guid(5dda06c959388f24e9042a0c8432f91c) Importer(815301076,1909f56bfc062723c751e8b465ee728b)  -> (artifact id: '80adbd921418eee5da851ef3aece2471') in 0.032537 seconds 
========================================================================
Received Import Request.
  Time since last request: 0.000266 seconds.
  path: Assets/TextureHaven/bricks_4k/bricks_4k_textures/floor_klinkers_04/Materials/floor_klinkers_04_nor_4k.mat
  artifactKey: Guid(979fd0819c8e2b0409d14ebd54e97bd8) Importer(815301076,1909f56bfc062723c751e8b465ee728b)
Start importing Assets/TextureHaven/bricks_4k/bricks_4k_textures/floor_klinkers_04/Materials/floor_klinkers_04_nor_4k.mat using Guid(979fd0819c8e2b0409d14ebd54e97bd8) Importer(815301076,1909f56bfc062723c751e8b465ee728b)  -> (artifact id: '63fecafe2d9b46a60f3b949b6e536ddf') in 0.051693 seconds 
AssetImportWorkerClient::OnTransportError - code=2 error=End of file
